2025-01-25 17:00:53.029 +05:30 [INF] OncoAnalyzer application starting...
2025-01-25 17:01:25.637 +05:30 [INF] OncoAnalyzer applciation exiting...
2025-01-25 17:01:33.127 +05:30 [INF] OncoAnalyzer application starting...
2025-01-25 17:01:55.477 +05:30 [INF] OncoAnalyzer applciation exiting...
2025-01-25 17:01:59.644 +05:30 [INF] OncoAnalyzer application starting...
2025-01-25 17:10:04.913 +05:30 [INF] OncoAnalyzer application starting...
2025-01-25 17:10:25.602 +05:30 [INF] OncoAnalyzer application starting...
2025-01-25 17:17:23.713 +05:30 [INF] OncoAnalyzer application starting...
2025-01-25 17:17:44.266 +05:30 [INF] Displayed all patients successfully.
2025-01-25 17:18:46.694 +05:30 [INF] Treatment added successfully for patient ID 9.
2025-01-25 17:20:35.636 +05:30 [INF] OncoAnalyzer applciation exiting...
2025-01-25 17:20:52.953 +05:30 [INF] OncoAnalyzer application starting...
2025-01-25 17:21:31.430 +05:30 [INF] OncoAnalyzer applciation exiting...
2025-01-25 17:21:36.428 +05:30 [INF] OncoAnalyzer application starting...
2025-01-25 17:21:42.416 +05:30 [INF] OncoAnalyzer applciation exiting...
2025-01-25 17:21:48.201 +05:30 [INF] OncoAnalyzer application starting...
2025-01-25 17:22:04.808 +05:30 [INF] Displayed all patients successfully.
2025-01-25 17:22:36.277 +05:30 [INF] OncoAnalyzer applciation exiting...
2025-01-25 17:30:45.628 +05:30 [INF] OncoAnalyzer application starting...
2025-01-25 17:30:53.502 +05:30 [INF] Displayed treatments for Patient ID 9.
2025-01-25 17:38:14.928 +05:30 [INF] OncoAnalyzer application starting...
2025-01-25 17:38:27.307 +05:30 [INF] Displayed treatments for Patient ID 9.
2025-01-25 17:40:06.682 +05:30 [INF] OncoAnalyzer application starting...
2025-01-25 17:41:44.690 +05:30 [INF] OncoAnalyzer application starting...
2025-01-25 17:42:02.347 +05:30 [INF] Displayed treatments for Patient ID 9.
2025-01-25 17:43:00.011 +05:30 [INF] OncoAnalyzer application starting...
2025-01-25 17:44:56.797 +05:30 [ERR] Error retriving treatments. 
System.InvalidOperationException: Invalid attempt to call Read when reader is closed.
   at System.Data.SqlClient.SqlDataReader.TryReadInternal(Boolean setTimeout, Boolean& more)
   at System.Data.SqlClient.SqlDataReader.Read()
   at OncoAnalyzer.Services.TreatmentService.ViewTreatments(Int32 patientId) in E:\Development\Language\C#\OncoAnalyzer\OncoAnalyzer\Services\TreatmentService.cs:line 88
2025-01-25 17:49:09.308 +05:30 [INF] OncoAnalyzer application starting...
2025-01-25 17:49:24.640 +05:30 [INF] Displayed treatments for Patient ID 9.
